<?xml version="1.0" encoding="UTF-8"?>
<!-- Generated by org.testng.reporters.JUnitXMLReporter -->
<testsuite ignored="0" hostname="ClassRoom-204" failures="0" tests="3" name="Default test" time="22.267" errors="0" timestamp="2025-06-21T12:11:17 IST">
  <testcase classname="HRMOrange.testExecution.TestCase_01" name="testC_01" time="4.422"/>
  <testcase classname="HRMOrange.testExecution.TestCase_01" name="testC_01" time="4.051"/>
  <testcase classname="HRMOrange.testExecution.TestCase_01" name="testC_01" time="4.557"/>
</testsuite> <!-- Default test -->
